2016-09-16 14:38:14,037 [5918]: INFO Executing Testcase 1...........
2016-09-16 14:38:14,037 [5918]: INFO Signing in..........
2016-09-16 14:39:20,495 [5977]: INFO Executing Testcase 1...........
2016-09-16 14:39:20,506 [5977]: INFO Signing in..........
2016-09-16 14:39:56,105 [5977]: INFO Survey Created
2016-09-16 14:40:13,351 [5977]: INFO Added text type of question
2016-09-16 14:40:25,495 [5977]: INFO Added Comment box type of question
2016-09-16 14:40:52,349 [5977]: INFO Added Dropdown type of question
2016-09-16 14:41:31,704 [5977]: INFO Added Matrix/Rating type of question
2016-09-16 14:41:31,745 [5977]: INFO Verifying survey is created......
2016-09-16 14:42:32,952 [5977]: INFO Executing Testcase 2.............
2016-09-16 14:42:57,770 [5977]: ERROR Testcase 2 failed
2016-09-16 14:50:33,108 [6368]: INFO Executing Testcase 1...........
2016-09-16 14:50:33,156 [6368]: INFO Signing in..........
2016-09-16 14:53:16,843 [6451]: INFO Executing Testcase 1...........
2016-09-16 14:53:16,851 [6451]: INFO Signing in..........
2016-09-16 14:53:53,563 [6451]: INFO Survey Created
2016-09-16 14:54:08,728 [6451]: INFO Added text type of question
2016-09-16 14:54:22,032 [6451]: INFO Added Comment box type of question
2016-09-16 14:54:54,425 [6451]: INFO Added Dropdown type of question
2016-09-16 14:55:33,851 [6451]: INFO Added Matrix/Rating type of question
2016-09-16 14:55:33,890 [6451]: INFO Verifying survey is created......
2016-09-16 14:56:36,585 [6451]: INFO Executing Testcase 2.............
2016-09-16 14:57:01,968 [6451]: ERROR Testcase 2 failed
2016-09-16 15:00:28,550 [6668]: INFO Executing Testcase 1...........
2016-09-16 15:00:28,579 [6668]: INFO Signing in..........
2016-09-16 15:00:59,197 [6668]: ERROR Unable to find sign in button.
2016-09-16 15:01:35,056 [6668]: INFO Executing Testcase 2.............
2016-09-16 15:01:58,811 [6668]: ERROR Testcase 2 failed
2016-09-16 15:06:25,371 [6848]: INFO Executing Testcase 1...........
2016-09-16 15:06:25,427 [6848]: INFO Signing in..........
2016-09-16 15:07:10,397 [6848]: INFO Survey Created
2016-09-16 15:07:33,225 [6848]: INFO Added text type of question
2016-09-16 15:07:48,038 [6848]: INFO Added Comment box type of question
2016-09-16 15:08:26,772 [6848]: INFO Added Dropdown type of question
2016-09-16 15:09:05,756 [6848]: INFO Added Matrix/Rating type of question
2016-09-16 15:09:05,800 [6848]: INFO Verifying survey is created......
2016-09-16 15:09:13,361 [6848]: INFO Survey created with 4 questions
2016-09-16 15:09:13,361 [6848]: INFO Testcase 1 passed
2016-09-16 15:09:16,324 [6848]: INFO Executing Testcase 2.............
2016-09-16 15:09:48,102 [6848]: ERROR Testcase 2 failed
2016-09-16 15:15:19,797 [7133]: INFO Executing Testcase 1...........
2016-09-16 15:15:19,826 [7133]: INFO Signing in..........
2016-09-16 15:16:00,614 [7133]: INFO Survey Created
2016-09-16 15:16:14,492 [7133]: INFO Added text type of question
2016-09-16 15:16:29,855 [7133]: INFO Added Comment box type of question
2016-09-16 15:17:02,534 [7133]: INFO Added Dropdown type of question
2016-09-16 15:17:42,920 [7133]: INFO Added Matrix/Rating type of question
2016-09-16 15:17:42,965 [7133]: INFO Verifying survey is created......
2016-09-16 15:17:51,065 [7133]: INFO Survey created with 4 questions
2016-09-16 15:17:51,066 [7133]: INFO Testcase 1 passed
2016-09-16 15:17:53,891 [7133]: INFO Executing Testcase 2.............
2016-09-16 15:18:16,082 [7133]: ERROR Testcase 2 failed
2016-09-16 15:18:18,929 [7133]: INFO Executing Testcase 3.............
2016-09-16 15:18:41,453 [7133]: INFO Survey created
2016-09-16 15:18:41,467 [7133]: INFO Testcase 3 passed
2016-09-16 15:18:44,476 [7133]: INFO Executing Testcase 4.............
2016-09-16 15:18:53,909 [7133]: INFO Signing out..........
2016-09-16 15:19:02,664 [7133]: INFO Successfully sign out
2016-09-16 15:19:02,680 [7133]: INFO Testcase 3 passed
2016-09-16 15:31:19,276 [7643]: INFO Executing Testcase 1...........
2016-09-16 15:31:19,320 [7643]: INFO Signing in..........
2016-09-16 15:31:56,730 [7643]: INFO Survey Created
2016-09-16 15:32:12,289 [7643]: INFO Added text type of question
2016-09-16 15:32:29,991 [7643]: INFO Added Comment box type of question
2016-09-16 15:33:02,886 [7643]: INFO Added Dropdown type of question
2016-09-16 15:33:44,338 [7643]: INFO Added Matrix/Rating type of question
2016-09-16 15:33:44,382 [7643]: INFO Verifying survey is created......
2016-09-16 15:33:51,530 [7643]: INFO Survey created with 4 questions
2016-09-16 15:33:51,530 [7643]: INFO Testcase 1 passed
2016-09-16 15:33:54,871 [7643]: INFO Executing Testcase 2.............
2016-09-16 15:34:19,808 [7643]: ERROR Testcase 2 failed
2016-09-16 15:34:22,802 [7643]: INFO Executing Testcase 3.............
2016-09-16 15:34:46,914 [7643]: INFO Survey created
2016-09-16 15:34:46,929 [7643]: INFO Testcase 3 passed
2016-09-16 15:34:49,765 [7643]: INFO Executing Testcase 4.............
2016-09-16 15:35:00,784 [7643]: INFO Signing out..........
2016-09-16 15:35:10,700 [7643]: INFO Successfully sign out
2016-09-16 15:35:10,700 [7643]: INFO Testcase 3 passed
2016-09-16 15:48:27,601 [8297]: INFO Executing Testcase 1...........
2016-09-16 15:48:27,601 [8297]: INFO Signing in..........
2016-09-16 15:49:54,761 [8364]: INFO Executing Testcase 1...........
2016-09-16 15:49:54,762 [8364]: INFO Signing in..........
2016-09-16 15:50:24,907 [8364]: ERROR Unable to find sign in button.
2016-09-16 15:55:54,362 [8549]: INFO Executing Testcase 1...........
2016-09-16 15:55:54,403 [8549]: INFO Signing in..........
2016-09-16 15:56:48,612 [8549]: INFO Survey Created
2016-09-16 15:57:01,715 [8549]: INFO Added text type of question
2016-09-16 15:57:14,001 [8549]: INFO Added Comment box type of question
2016-09-16 15:57:50,906 [8549]: INFO Added Dropdown type of question
2016-09-16 15:58:29,837 [8549]: INFO Added Matrix/Rating type of question
2016-09-16 15:58:29,837 [8549]: INFO Verifying survey is created......
2016-09-16 15:58:37,150 [8549]: INFO Survey created with 4 questions
2016-09-16 15:58:37,150 [8549]: INFO Testcase 1 passed
2016-09-16 15:58:45,109 [8549]: INFO Executing Testcase 2.............
2016-09-16 15:59:10,878 [8549]: ERROR Testcase 2 failed
2016-09-16 15:59:18,267 [8549]: INFO Executing Testcase 3.............
2016-09-16 15:59:46,445 [8549]: INFO Survey created
2016-09-16 15:59:46,445 [8549]: INFO Testcase 3 passed
2016-09-16 15:59:53,235 [8549]: INFO Executing Testcase 4.............
2016-09-16 16:00:03,600 [8549]: INFO Signing out..........
2016-09-16 16:00:11,849 [8549]: INFO Successfully sign out
2016-09-16 16:00:11,850 [8549]: INFO Testcase 3 passed
2016-09-16 16:07:05,555 [8935]: INFO Executing Testcase 1...........
2016-09-16 16:07:05,563 [8935]: INFO Signing in..........
2016-09-16 16:07:44,677 [8935]: INFO Survey Created
2016-09-16 16:07:58,299 [8935]: INFO Added text type of question
2016-09-16 16:08:10,436 [8935]: INFO Added Comment box type of question
2016-09-16 16:08:46,773 [8935]: INFO Added Dropdown type of question
2016-09-16 16:09:28,423 [8935]: INFO Added Matrix/Rating type of question
2016-09-16 16:09:28,423 [8935]: INFO Verifying survey is created......
2016-09-16 16:09:36,161 [8935]: INFO Survey created with 4 questions
2016-09-16 16:09:36,161 [8935]: INFO Testcase 1 passed
2016-09-16 16:09:44,004 [8935]: INFO Executing Testcase 2.............
2016-09-16 16:10:11,186 [8935]: ERROR Testcase 2 failed
2016-09-16 16:10:18,565 [8935]: INFO Executing Testcase 3.............
2016-09-16 16:10:43,576 [8935]: INFO Survey created
2016-09-16 16:10:43,576 [8935]: INFO Testcase 3 passed
2016-09-16 16:10:50,711 [8935]: INFO Executing Testcase 4.............
2016-09-16 16:11:01,066 [8935]: INFO Signing out..........
2016-09-16 16:11:07,483 [8935]: INFO Successfully sign out
2016-09-16 16:11:07,483 [8935]: INFO Testcase 3 passed
2016-09-16 16:57:27,058 [10668]: INFO Executing Testcase 1...........
2016-09-16 16:57:27,086 [10668]: INFO Signing in..........
2016-09-16 16:58:06,839 [10668]: INFO Survey Created
2016-09-16 16:58:19,423 [10668]: INFO Added text type of question
2016-09-16 16:58:30,438 [10668]: INFO Added Comment box type of question
2016-09-16 16:59:06,808 [10668]: INFO Added Dropdown type of question
2016-09-16 16:59:47,804 [10668]: INFO Added Matrix/Rating type of question
2016-09-16 16:59:47,804 [10668]: INFO Verifying survey is created......
2016-09-16 16:59:56,577 [10668]: INFO Survey created with 4 questions
2016-09-16 16:59:56,577 [10668]: INFO Testcase 1 passed
2016-09-16 17:00:04,344 [10668]: INFO Executing Testcase 2.............
2016-09-16 17:00:34,038 [10668]: ERROR Testcase 2 failed
2016-09-16 17:00:41,907 [10668]: INFO Executing Testcase 3.............
2016-09-16 17:01:07,079 [10668]: INFO Survey created
2016-09-16 17:01:07,096 [10668]: INFO Testcase 3 passed
2016-09-16 17:01:14,476 [10668]: INFO Executing Testcase 4.............
2016-09-16 17:01:24,949 [10668]: INFO Signing out..........
2016-09-16 17:01:33,347 [10668]: INFO Successfully sign out
2016-09-16 17:01:33,347 [10668]: INFO Testcase 3 passed
2016-09-16 17:04:23,421 [10999]: INFO Executing Testcase 1...........
2016-09-16 17:04:23,460 [10999]: INFO Signing in..........
2016-09-16 17:05:25,599 [11066]: INFO Executing Testcase 1...........
2016-09-16 17:05:25,629 [11066]: INFO Signing in..........
2016-09-16 18:04:10,429 [12766]: INFO Executing Testcase 1...........
2016-09-16 18:04:10,448 [12766]: INFO Signing in..........
2016-09-16 18:48:21,127 [14047]: INFO Executing Testcase 1...........
2016-09-16 18:48:21,165 [14047]: INFO Signing in..........
2016-09-21 17:00:31,521 [11688]: INFO Executing Testcase 1...........
2016-09-21 17:00:31,522 [11688]: INFO Signing in..........
2016-09-21 17:01:22,981 [11688]: INFO Survey Created
2016-09-21 17:01:38,704 [11688]: INFO Added text type of question
2016-09-21 17:02:13,518 [11688]: INFO Executing Testcase 2.............
2016-09-21 17:03:15,327 [11688]: INFO Executing Testcase 3.............
2016-09-21 17:03:45,564 [11688]: ERROR Unable to load a surveymonkey app.
2016-09-21 17:04:23,350 [11688]: INFO Executing Testcase 4.............
2016-09-21 18:57:27,669 [15330]: INFO Executing Testcase 1...........
2016-09-21 18:57:27,670 [15330]: INFO Signing in..........
2016-09-21 18:57:57,412 [15330]: INFO Executing Testcase 2.............
2016-09-21 18:58:38,084 [15686]: INFO Executing Testcase 1...........
2016-09-21 18:58:38,085 [15686]: INFO Signing in..........
2016-09-21 18:59:20,394 [15686]: INFO Survey Created
2016-09-21 18:59:35,077 [15686]: INFO Added text type of question
2016-09-21 18:59:47,280 [15686]: INFO Added Comment box type of question
2016-09-21 19:00:24,590 [15686]: INFO Added Dropdown type of question
2016-09-21 19:01:05,894 [15686]: INFO Added Matrix/Rating type of question
2016-09-21 19:01:05,894 [15686]: INFO Verifying survey is created......
2016-09-21 19:01:18,111 [15686]: INFO Survey created with 4 questions
2016-09-21 19:01:18,111 [15686]: INFO Testcase 1 passed
2016-09-21 19:01:22,555 [15686]: INFO Executing Testcase 2.............
2016-09-21 19:01:53,739 [15686]: ERROR Testcase 2 failed
2016-09-21 19:01:58,118 [15686]: INFO Executing Testcase 3.............
2016-09-21 19:02:26,099 [15686]: INFO Survey created
2016-09-21 19:02:26,099 [15686]: INFO Testcase 3 passed
2016-09-21 19:02:30,213 [15686]: INFO Executing Testcase 4.............
2016-09-21 19:02:41,720 [15686]: INFO Signing out..........
2016-09-21 19:02:48,495 [15686]: INFO Successfully sign out
2016-09-21 19:02:48,496 [15686]: INFO Testcase 4 passed
2016-09-22 12:16:16,333 [5191]: INFO Executing Testcase 1...........
2016-09-22 12:16:16,348 [5191]: INFO Signing in..........
2016-09-22 12:17:12,963 [5191]: INFO Survey Created
2016-09-22 12:18:17,342 [5191]: INFO Executing Testcase 2.............
2016-09-22 12:18:43,682 [5191]: ERROR Testcase 2 failed
2016-09-22 12:18:50,554 [5191]: INFO Executing Testcase 3.............
2016-09-22 12:19:18,667 [5191]: INFO Survey created
2016-09-22 12:19:18,667 [5191]: INFO Testcase 3 passed
2016-09-22 12:19:25,284 [5191]: INFO Executing Testcase 4.............
2016-09-22 12:19:38,369 [5191]: INFO Signing out..........
2016-09-22 12:19:45,476 [5191]: INFO Successfully sign out
2016-09-22 12:19:45,477 [5191]: INFO Testcase 4 passed
2016-09-22 13:19:16,640 [7645]: INFO Executing Testcase 1...........
2016-09-22 13:19:16,640 [7645]: INFO Signing in..........
2016-09-22 13:19:46,926 [7645]: ERROR Unable to find sign in button.
2016-09-22 13:21:31,680 [7867]: INFO Executing Testcase 1...........
2016-09-22 13:21:31,680 [7867]: INFO Signing in..........
2016-09-22 13:22:12,980 [7867]: INFO Survey Created
2016-09-22 13:22:27,364 [7867]: INFO Added text type of question
2016-09-22 13:22:39,906 [7867]: INFO Added Comment box type of question
2016-09-22 13:23:42,810 [7867]: INFO Executing Testcase 2.............
2016-09-22 13:30:34,414 [8351]: INFO Executing Testcase 1...........
2016-09-22 13:30:34,414 [8351]: INFO Signing in..........
2016-09-22 13:31:32,348 [8465]: INFO Executing Testcase 1...........
2016-09-22 13:31:32,348 [8465]: INFO Signing in..........
2016-09-22 13:32:17,339 [8465]: INFO Survey Created
2016-09-22 13:32:31,790 [8465]: INFO Added text type of question
2016-09-22 13:32:43,299 [8465]: INFO Added Comment box type of question
2016-09-22 13:33:47,639 [8465]: INFO Executing Testcase 2.............
2016-09-22 13:34:38,004 [8465]: INFO Executing Testcase 3.............
2016-09-22 13:35:05,478 [8465]: INFO Survey created
2016-09-22 13:35:05,478 [8465]: INFO Testcase 3 passed
2016-09-22 13:35:09,737 [8465]: INFO Executing Testcase 4.............
2016-09-22 13:35:22,770 [8465]: INFO Signing out..........
2016-09-22 13:35:29,537 [8465]: INFO Successfully sign out
2016-09-22 13:35:29,537 [8465]: INFO Testcase 4 passed
2016-09-22 16:12:10,231 [13740]: INFO Executing Testcase 1...........
2016-09-22 16:12:10,247 [13740]: INFO Signing in..........
2016-09-22 16:13:47,539 [13878]: INFO Executing Testcase 1...........
2016-09-22 16:13:47,539 [13878]: INFO Signing in..........
2016-09-22 16:14:29,284 [13878]: INFO Survey Created
2016-09-22 16:14:43,191 [13878]: INFO Added text type of question
2016-09-22 16:14:55,317 [13878]: INFO Added Comment box type of question
2016-09-22 16:16:00,639 [13878]: INFO Executing Testcase 2.............
2016-09-22 16:16:28,972 [13878]: ERROR Testcase 2 failed
2016-09-22 16:16:33,186 [13878]: INFO Executing Testcase 3.............
2016-09-22 16:17:00,692 [13878]: INFO Survey created
2016-09-22 16:17:00,692 [13878]: INFO Testcase 3 passed
2016-09-22 16:17:04,929 [13878]: INFO Executing Testcase 4.............
2016-09-22 16:17:18,122 [13878]: INFO Signing out..........
2016-09-22 16:17:25,115 [13878]: INFO Successfully sign out
2016-09-22 16:17:25,115 [13878]: INFO Testcase 4 passed
2016-09-22 16:43:32,456 [15051]: INFO Executing Testcase 3.............
2016-09-22 16:44:00,320 [15051]: INFO Survey created
2016-09-22 16:44:00,320 [15051]: INFO Testcase 3 passed
2016-09-22 17:26:09,879 [16624]: INFO Executing Testcase 3.............
2016-09-22 17:27:46,876 [16765]: INFO Executing Testcase 3.............
2016-09-22 17:29:06,266 [16884]: INFO Executing Testcase 3.............
2016-09-22 17:31:35,729 [17037]: INFO Executing Testcase 3.............
2016-09-22 17:33:07,208 [17190]: INFO Executing Testcase 3.............
2016-09-22 17:36:45,331 [17374]: INFO Executing Testcase 3.............
2016-09-22 17:39:55,448 [17579]: INFO Executing Testcase 3.............
2016-09-22 17:42:31,195 [17746]: INFO Executing Testcase 3.............
2016-09-22 17:43:55,933 [17879]: INFO Executing Testcase 3.............
2016-09-22 17:44:25,038 [17879]: INFO Survey created
2016-09-22 17:44:25,038 [17879]: INFO Testcase 3 passed
2016-09-22 18:41:04,231 [20075]: INFO Executing Testcase 3.............
2016-09-22 18:41:32,820 [20075]: INFO Survey created
2016-09-22 18:41:32,820 [20075]: INFO Testcase 3 passed
2016-09-22 18:44:27,135 [20268]: INFO Executing Testcase 3.............
2016-09-22 18:46:12,582 [20402]: INFO Executing Testcase 3.............
2016-09-22 18:46:42,064 [20402]: INFO Survey created
2016-09-22 18:46:42,064 [20402]: INFO Testcase 3 passed
2016-09-22 18:58:36,803 [20917]: INFO Executing Testcase 3.............
2016-09-22 18:59:04,541 [20917]: INFO Survey created
2016-09-22 18:59:04,541 [20917]: INFO Testcase 3 passed
2016-09-22 19:07:41,784 [21376]: INFO Executing Testcase 3.............
2016-09-22 19:08:07,845 [21376]: INFO Survey created
2016-09-22 19:08:07,845 [21376]: INFO Testcase 3 passed
2016-09-22 19:43:14,009 [22772]: INFO Executing Testcase 4.............
2016-09-22 19:43:26,922 [22772]: INFO Signing out..........
2016-09-22 19:43:31,564 [22772]: INFO successfully signout
2016-09-22 19:43:31,564 [22772]: INFO Testcase 4 passed
2016-09-22 19:53:28,408 [23154]: INFO Executing Testcase 2.............
2016-09-23 12:01:50,549 [7195]: INFO Executing Testcase 3.............
2016-09-23 12:02:15,550 [7195]: INFO Survey created
2016-09-23 12:02:15,551 [7195]: INFO Testcase 3 passed
2016-09-23 12:12:36,946 [7685]: INFO Executing Testcase 3.............
2016-09-23 12:13:03,150 [7685]: INFO Survey created
2016-09-23 12:13:03,150 [7685]: INFO Testcase 3 passed
2016-09-23 12:23:50,381 [8241]: INFO Executing Testcase 1...........
2016-09-23 12:23:50,381 [8241]: INFO Signing in..........
2016-09-23 12:37:40,525 [3349]: INFO Executing Testcase 1...........
2016-09-23 12:37:40,534 [3349]: INFO Signing in..........
2016-09-23 12:39:53,421 [3565]: INFO Executing Testcase 1...........
2016-09-23 12:39:53,421 [3565]: INFO Signing in..........
2016-09-23 12:40:40,961 [3565]: INFO Survey Created
2016-09-23 12:40:55,396 [3565]: INFO Added text type of question
2016-09-23 12:41:06,951 [3565]: INFO Added Comment box type of question
2016-09-23 12:42:11,835 [3565]: INFO Executing Testcase 2.............
2016-09-23 12:43:05,907 [3565]: INFO Executing Testcase 3.............
2016-09-23 12:43:41,908 [3565]: INFO Survey created
2016-09-23 12:43:41,908 [3565]: INFO Testcase 3 passed
2016-09-23 12:43:48,531 [3565]: INFO Executing Testcase 4.............
2016-09-23 12:44:02,298 [3565]: INFO Signing out..........
2016-09-23 12:44:07,571 [3565]: INFO successfully signout
2016-09-23 12:44:07,571 [3565]: INFO Testcase 4 passed
2016-09-23 15:25:03,668 [9739]: INFO Executing Testcase 1...........
2016-09-23 15:25:03,677 [9739]: INFO Signing in..........
2016-09-23 15:25:47,946 [9739]: INFO Survey created
2016-09-23 15:26:02,059 [9739]: INFO Added text type of question
2016-09-23 15:26:14,850 [9739]: INFO Added Comment box type of question
2016-09-23 15:27:50,919 [9739]: INFO Executing Testcase 2.............
2016-09-23 15:28:48,575 [9739]: INFO Executing Testcase 3.............
2016-09-23 15:29:12,093 [9739]: INFO Survey created
2016-09-23 15:29:12,093 [9739]: INFO Testcase 3 passed
2016-09-23 15:29:18,936 [9739]: INFO Executing Testcase 4.............
2016-09-23 15:29:31,424 [9739]: INFO Signing out..........
2016-09-23 15:29:35,790 [9739]: INFO successfully signout
2016-09-23 15:29:35,790 [9739]: INFO Testcase 4 passed
2016-09-23 15:32:04,713 [10188]: INFO Executing Testcase 1...........
2016-09-23 15:32:04,713 [10188]: INFO Signing in..........
2016-09-23 15:33:04,155 [10188]: INFO Survey created
2016-09-23 15:36:37,543 [10565]: INFO Executing Testcase 1...........
2016-09-23 15:36:37,543 [10565]: INFO Signing in..........
2016-09-23 15:40:03,646 [10752]: INFO Executing Testcase 1...........
2016-09-23 15:40:03,646 [10752]: INFO Signing in..........
2016-09-23 15:41:02,022 [10752]: INFO Executing Testcase 2.............
2016-09-23 15:42:25,850 [11063]: INFO Executing Testcase 1...........
2016-09-23 15:42:25,850 [11063]: INFO Signing in..........
2016-09-23 15:43:13,983 [11063]: INFO Survey created
2016-09-23 15:43:28,173 [11063]: INFO Added text type of question
2016-09-23 15:43:39,813 [11063]: INFO Added Comment box type of question
2016-09-23 15:44:46,290 [11063]: INFO Executing Testcase 2.............
2016-09-23 15:45:52,449 [11063]: INFO Executing Testcase 3.............
2016-09-23 15:46:17,833 [11063]: INFO Survey created
2016-09-23 15:46:17,833 [11063]: INFO Testcase 3 passed
2016-09-23 15:46:24,523 [11063]: INFO Executing Testcase 4.............
2016-09-23 15:46:36,691 [11063]: INFO Signing out..........
2016-09-23 15:46:42,306 [11063]: INFO successfully signout
2016-09-23 15:46:42,306 [11063]: INFO Testcase 4 passed
2016-09-23 16:23:29,713 [13018]: INFO Executing Testcase 1...........
2016-09-23 16:23:29,747 [13018]: INFO Signing in..........
2016-09-23 16:24:17,511 [13018]: INFO Survey created
2016-09-23 16:24:32,325 [13018]: INFO Added text type of question
2016-09-23 16:24:42,735 [13018]: INFO Added comment box type of question
2016-09-23 16:26:56,259 [13018]: INFO Executing Testcase 2.............
2016-09-23 16:27:48,153 [13018]: INFO Executing Testcase 3.............
2016-09-23 16:28:14,171 [13018]: INFO Survey created
2016-09-23 16:28:14,171 [13018]: INFO Testcase 3 passed
2016-09-23 16:28:20,934 [13018]: INFO Executing Testcase 4.............
2016-09-23 16:28:34,053 [13018]: INFO Signing out..........
2016-09-23 16:28:39,085 [13018]: INFO successfully signout
2016-09-23 16:28:39,086 [13018]: INFO Testcase 4 passed
2016-09-23 16:44:13,160 [14094]: INFO Executing Testcase 1...........
2016-09-23 16:44:13,160 [14094]: INFO Signing in..........
2016-09-23 16:45:00,116 [14094]: INFO Survey created
2016-09-23 16:45:16,563 [14094]: INFO Added text type of question
2016-09-23 16:45:29,422 [14094]: INFO Added comment box type of question
2016-09-23 16:47:15,178 [14094]: INFO Executing Testcase 2.............
2016-09-23 16:47:43,201 [14094]: INFO Survey created
2016-09-23 16:47:49,969 [14094]: INFO Executing Testcase 3.............
2016-09-23 16:48:16,360 [14094]: INFO Survey created
2016-09-23 16:48:16,360 [14094]: INFO Testcase 3 passed
2016-09-23 16:48:23,053 [14094]: INFO Executing Testcase 4.............
2016-09-23 16:48:36,400 [14094]: INFO Signing out..........
2016-09-23 16:48:41,108 [14094]: INFO successfully signout
2016-09-23 16:48:41,108 [14094]: INFO Testcase 4 passed
2016-09-23 17:05:06,807 [15012]: INFO Executing Testcase 1...........
2016-09-23 17:05:06,808 [15012]: INFO Signing in..........
2016-09-23 17:05:31,550 [15012]: INFO Survey created
2016-09-23 17:10:47,470 [15590]: INFO Executing Testcase 1...........
2016-09-23 17:10:47,471 [15590]: INFO Signing in..........
2016-09-23 17:12:16,842 [15774]: INFO Executing Testcase 1...........
2016-09-23 17:12:16,842 [15774]: INFO Signing in..........
2016-09-23 17:12:47,154 [15774]: INFO Survey created
2016-09-23 17:13:34,730 [15774]: INFO Added matrix rating type of question
2016-09-23 17:13:34,730 [15774]: INFO Verifying survey is created......
2016-09-23 17:13:46,115 [15774]: INFO Survey created with 4 questions
2016-09-23 17:13:46,115 [15774]: INFO Testcase 1 passed
2016-09-23 17:29:54,957 [16474]: INFO Executing Testcase 1...........
2016-09-23 17:29:54,957 [16474]: INFO Signing in..........
2016-09-23 17:30:20,906 [16474]: INFO Survey created
2016-09-23 17:31:03,681 [16474]: INFO Added matrix rating type of question
2016-09-23 17:31:03,681 [16474]: INFO Verifying survey is created......
2016-09-23 17:33:37,982 [16659]: INFO Executing Testcase 1...........
2016-09-23 17:33:37,982 [16659]: INFO Signing in..........
2016-09-23 17:34:02,886 [16659]: INFO Survey created
2016-09-23 17:34:53,881 [16659]: INFO Added matrix rating type of question
2016-09-23 17:34:53,881 [16659]: INFO Verifying survey is created......
2016-09-23 17:38:14,608 [16870]: INFO Executing Testcase 1...........
2016-09-23 17:38:14,609 [16870]: INFO Signing in..........
2016-09-23 17:38:38,844 [16870]: INFO Survey created
2016-09-23 17:39:23,066 [16870]: INFO Added matrix rating type of question
2016-09-23 17:39:23,066 [16870]: INFO Verifying survey is created......
2016-09-23 17:39:35,073 [16870]: INFO Survey created with 4 questions
2016-09-23 17:39:35,073 [16870]: INFO Testcase 1 passed
2016-09-23 17:44:06,220 [17136]: INFO Executing Testcase 1...........
2016-09-23 17:44:06,220 [17136]: INFO Signing in..........
2016-09-23 17:44:56,468 [17136]: INFO Survey created
2016-09-23 17:45:09,853 [17136]: INFO Added text type of question
2016-09-23 17:45:20,904 [17136]: INFO Added comment box type of question
2016-09-23 17:47:45,699 [17136]: INFO Executing Testcase 2.............
2016-09-23 17:48:35,652 [17136]: INFO Executing Testcase 3.............
2016-09-23 17:48:59,659 [17136]: INFO Survey created
2016-09-23 17:48:59,659 [17136]: INFO Testcase 3 passed
2016-09-23 17:49:06,383 [17136]: INFO Executing Testcase 4.............
2016-09-23 17:49:17,761 [17136]: INFO Signing out..........
2016-09-23 17:49:21,814 [17136]: INFO successfully signout
2016-09-23 17:49:21,814 [17136]: INFO Testcase 4 passed
2016-09-23 18:32:58,694 [19087]: INFO Executing Testcase 1...........
2016-09-23 18:32:58,694 [19087]: INFO Signing in..........
2016-09-23 18:34:38,094 [19303]: INFO Executing Testcase 1...........
2016-09-23 18:34:38,094 [19303]: INFO Signing in..........
2016-09-23 18:35:23,554 [19303]: INFO Survey created
2016-09-23 18:35:36,399 [19303]: INFO Added text type of question
2016-09-23 18:35:47,396 [19303]: INFO Added comment box type of question
2016-09-23 18:37:42,610 [19303]: INFO Executing Testcase 2.............
2016-09-23 18:38:32,977 [19303]: INFO Executing Testcase 3.............
2016-09-23 18:38:58,230 [19303]: INFO Survey created
2016-09-23 18:38:58,231 [19303]: INFO Testcase 3 passed
2016-09-23 18:39:04,883 [19303]: INFO Executing Testcase 4.............
2016-09-23 18:39:16,746 [19303]: INFO Signing out..........
2016-09-23 18:39:22,198 [19303]: INFO successfully signout
2016-09-23 18:39:22,198 [19303]: INFO Testcase 4 passed
2016-09-23 19:13:11,782 [20618]: INFO Executing Testcase 1...........
2016-09-23 19:13:11,782 [20618]: INFO Signing in..........
2016-09-23 19:15:04,284 [20618]: INFO Executing Testcase 2.............
2016-09-23 19:15:41,670 [20618]: INFO Survey created
2016-09-23 19:15:51,203 [20618]: INFO Executing Testcase 3.............
2016-09-23 19:16:15,162 [20618]: INFO Survey created
2016-09-23 19:16:15,162 [20618]: INFO Testcase 3 passed
2016-09-23 19:16:24,901 [20618]: INFO Executing Testcase 4.............
2016-09-23 19:20:40,228 [21119]: INFO Executing Testcase 1...........
2016-09-23 19:20:40,228 [21119]: INFO Signing in..........
2016-09-23 19:24:47,334 [21308]: INFO Executing Testcase 1...........
2016-09-23 19:24:47,334 [21308]: INFO Signing in..........
2016-09-23 19:25:33,914 [21308]: INFO Survey created
2016-09-23 19:25:47,576 [21308]: INFO Added text type of question
2016-09-23 19:25:58,954 [21308]: INFO Added comment box type of question
2016-09-23 19:28:04,795 [21308]: INFO Executing Testcase 2.............
2016-09-23 19:28:29,149 [21308]: INFO Survey created
2016-09-23 19:28:36,264 [21308]: INFO Executing Testcase 3.............
2016-09-23 19:29:01,013 [21308]: INFO Survey created
2016-09-23 19:29:01,013 [21308]: INFO Testcase 3 passed
2016-09-23 19:29:07,850 [21308]: INFO Executing Testcase 4.............
2016-09-23 19:29:19,888 [21308]: INFO Signing out..........
2016-09-23 19:29:23,730 [21308]: INFO successfully signout
2016-09-23 19:29:23,730 [21308]: INFO Testcase 4 passed
2016-09-23 19:34:06,851 [21991]: INFO Executing Testcase 1...........
2016-09-23 19:34:06,852 [21991]: INFO Signing in..........
2016-09-23 19:34:52,175 [21991]: INFO Survey created
2016-09-23 19:36:49,773 [21991]: INFO Executing Testcase 2.............
2016-09-23 19:37:15,511 [21991]: INFO Survey created
2016-09-23 19:37:22,668 [21991]: INFO Executing Testcase 3.............
2016-09-23 19:37:47,687 [21991]: INFO Survey created
2016-09-23 19:37:47,687 [21991]: INFO Testcase 3 passed
2016-09-23 19:37:54,222 [21991]: INFO Executing Testcase 4.............
2016-09-23 19:38:07,834 [21991]: INFO Signing out..........
2016-09-23 19:38:16,643 [21991]: INFO successfully signout
2016-09-23 19:38:16,643 [21991]: INFO Testcase 4 passed
2016-09-23 19:38:53,422 [22409]: INFO Executing Testcase 1...........
2016-09-23 19:38:53,423 [22409]: INFO Signing in..........
2016-09-23 19:39:36,516 [22409]: INFO Survey created
2016-09-23 19:40:21,936 [22409]: INFO Executing Testcase 2.............
2016-09-23 19:40:46,418 [22409]: INFO Survey created
2016-09-23 19:40:53,404 [22409]: INFO Executing Testcase 3.............
2016-09-23 19:41:17,047 [22409]: INFO Survey created
2016-09-23 19:41:17,048 [22409]: INFO Testcase 3 passed
2016-09-23 19:41:23,569 [22409]: INFO Executing Testcase 4.............
2016-09-23 19:41:34,989 [22409]: INFO Signing out..........
2016-09-23 19:41:40,595 [22409]: INFO successfully signout
2016-09-23 19:41:40,595 [22409]: INFO Testcase 4 passed
2016-09-23 19:41:54,950 [22742]: INFO Executing Testcase 1...........
2016-09-23 19:41:54,951 [22742]: INFO Signing in..........
2016-09-23 19:42:56,074 [22742]: INFO Survey created
2016-09-23 19:43:10,070 [22742]: INFO Added text type of question
2016-09-23 19:43:23,507 [22742]: INFO Added comment box type of question
2016-09-23 19:43:49,644 [22742]: INFO Added drop down type of question
2016-09-23 19:44:30,042 [22742]: INFO Added matrix rating type of question
2016-09-23 19:44:30,042 [22742]: INFO Verifying survey is created......
2016-09-23 19:44:34,458 [22742]: INFO Survey created with 4 questions
2016-09-23 19:44:34,458 [22742]: INFO Testcase 1 passed
2016-09-23 19:44:41,859 [22742]: INFO Executing Testcase 2.............
2016-09-23 19:46:10,201 [22742]: INFO Executing Testcase 3.............
2016-09-23 19:47:38,433 [22742]: INFO Executing Testcase 4.............
2016-09-26 11:30:04,353 [8976]: INFO Executing Testcase 1...........
2016-09-26 11:30:04,354 [8976]: INFO Signing in..........
2016-09-26 11:30:58,634 [9067]: INFO Executing Testcase 1...........
2016-09-26 11:30:58,634 [9067]: INFO Signing in..........
2016-09-26 11:31:43,569 [9067]: INFO Survey created
2016-09-26 11:31:58,094 [9067]: INFO Added text type of question
2016-09-26 11:32:09,951 [9067]: INFO Added comment box type of question
2016-09-26 11:32:35,115 [9067]: INFO Added drop down type of question
2016-09-26 11:33:16,642 [9067]: INFO Added matrix rating type of question
2016-09-26 11:33:16,642 [9067]: INFO Verifying survey is created......
2016-09-26 11:33:21,358 [9067]: INFO Survey created with 4 questions
2016-09-26 11:33:21,359 [9067]: INFO Testcase 1 passed
2016-09-26 11:33:28,323 [9067]: INFO Executing Testcase 2.............
2016-09-26 11:33:50,726 [9067]: INFO Survey created
2016-09-26 11:33:57,474 [9067]: INFO Executing Testcase 3.............
2016-09-26 11:34:19,185 [9067]: INFO Survey created
2016-09-26 11:34:19,185 [9067]: INFO Testcase 3 passed
2016-09-26 11:34:25,578 [9067]: INFO Executing Testcase 4.............
2016-09-26 11:34:35,909 [9067]: INFO Signing out..........
2016-09-26 11:34:43,139 [9067]: INFO successfully signout
2016-09-26 11:34:43,139 [9067]: INFO Testcase 4 passed
2016-09-26 11:53:50,395 [10063]: INFO Executing Testcase 1...........
2016-09-26 11:53:50,395 [10063]: INFO Signing in..........
2016-09-26 11:54:38,386 [10063]: INFO Survey created
2016-09-26 12:02:51,357 [10515]: INFO Executing Testcase 1...........
2016-09-26 12:02:51,357 [10515]: INFO Signing in..........
2016-09-26 12:03:16,324 [10515]: INFO Survey created
2016-09-26 12:03:55,733 [10515]: INFO Added drop down type of question
2016-09-26 12:03:55,733 [10515]: INFO Verifying survey is created......
2016-09-26 12:04:00,374 [10515]: INFO Survey created with 4 questions
2016-09-26 12:04:00,374 [10515]: INFO Testcase 1 passed
2016-09-26 12:08:25,583 [10857]: INFO Executing Testcase 1...........
2016-09-26 12:08:25,583 [10857]: INFO Signing in..........
2016-09-26 12:09:13,748 [10857]: INFO Survey created
2016-09-26 12:09:29,088 [10857]: INFO Added text type of question
2016-09-26 12:09:42,340 [10857]: INFO Added comment box type of question
2016-09-26 12:10:19,964 [10857]: INFO Added drop down type of question
2016-09-26 12:11:00,432 [10857]: INFO Added matrix rating type of question
2016-09-26 12:11:00,433 [10857]: INFO Verifying survey is created......
2016-09-26 12:11:05,394 [10857]: INFO Survey created with 4 questions
2016-09-26 12:11:05,395 [10857]: INFO Testcase 1 passed
2016-09-26 12:11:12,742 [10857]: INFO Executing Testcase 2.............
2016-09-26 12:11:36,572 [10857]: INFO Survey created
2016-09-26 12:11:43,477 [10857]: INFO Executing Testcase 3.............
2016-09-26 12:12:11,354 [10857]: INFO Survey created
2016-09-26 12:12:11,354 [10857]: INFO Testcase 3 passed
2016-09-26 12:12:17,992 [10857]: INFO Executing Testcase 4.............
2016-09-26 12:12:31,680 [10857]: INFO Signing out..........
2016-09-26 12:12:37,919 [10857]: INFO successfully signout
2016-09-26 12:12:37,919 [10857]: INFO Testcase 4 passed
2016-09-26 14:19:18,890 [15314]: INFO Executing Testcase 1...........
2016-09-26 14:19:18,890 [15314]: INFO Signing in..........
2016-09-26 14:20:32,777 [15314]: INFO Survey created
2016-09-26 14:21:07,262 [15314]: INFO Added text type of question
2016-09-26 14:21:28,027 [15314]: INFO Added comment box type of question
2016-09-26 14:22:12,562 [15314]: INFO Added drop down type of question
2016-09-26 14:23:02,070 [15314]: INFO Added matrix rating type of question
2016-09-26 14:23:02,071 [15314]: INFO Verifying survey is created......
2016-09-26 14:23:07,224 [15314]: INFO Survey created with 4 questions
2016-09-26 14:23:07,224 [15314]: INFO Testcase 1 passed
2016-09-26 14:23:14,474 [15314]: INFO Executing Testcase 2.............
2016-09-26 14:23:40,370 [15314]: INFO Survey created
2016-09-26 14:23:46,852 [15314]: INFO Executing Testcase 3.............
2016-09-26 14:24:12,169 [15314]: INFO Survey created
2016-09-26 14:24:12,170 [15314]: INFO Testcase 3 passed
2016-09-26 14:24:18,862 [15314]: INFO Executing Testcase 4.............
2016-09-26 14:24:33,032 [15314]: INFO Signing out..........
2016-09-26 14:24:39,082 [15314]: INFO successfully signout
2016-09-26 14:24:39,082 [15314]: INFO Testcase 4 passed
2016-09-26 14:34:13,236 [16046]: INFO Executing Testcase 1...........
2016-09-26 14:34:13,236 [16046]: INFO Signing in..........
2016-09-26 14:35:02,070 [16046]: INFO Survey created
2016-09-26 14:35:14,926 [16046]: INFO Added text type of question
2016-09-26 14:35:25,502 [16046]: INFO Added comment box type of question
2016-09-26 14:36:02,492 [16046]: INFO Added drop down type of question
2016-09-26 14:36:46,149 [16046]: INFO Added matrix rating type of question
2016-09-26 14:36:46,149 [16046]: INFO Verifying survey is created......
2016-09-26 14:36:51,979 [16046]: INFO Survey created with 4 questions
2016-09-26 14:36:51,979 [16046]: INFO Testcase 1 passed
2016-09-26 14:37:01,974 [16046]: INFO Executing Testcase 2.............
2016-09-26 14:37:27,971 [16046]: INFO Survey created
2016-09-26 14:37:37,286 [16046]: INFO Executing Testcase 3.............
2016-09-26 14:38:02,134 [16046]: INFO Survey created
2016-09-26 14:38:02,134 [16046]: INFO Testcase 3 passed
2016-09-26 14:38:11,709 [16046]: INFO Executing Testcase 4.............
2016-09-26 14:38:24,852 [16046]: INFO Signing out..........
2016-09-26 14:38:31,019 [16046]: INFO successfully signout
2016-09-26 14:38:31,020 [16046]: INFO Testcase 4 passed
2016-09-26 14:58:57,330 [17428]: INFO Executing Testcase 1...........
2016-09-26 14:58:57,358 [17428]: INFO Signing in..........
2016-09-26 14:59:41,894 [17428]: INFO Survey created
2016-09-26 14:59:56,417 [17428]: INFO Added text type of question
2016-09-26 15:00:09,697 [17428]: INFO Added comment box type of question
2016-09-26 15:00:45,853 [17428]: INFO Added drop down type of question
2016-09-26 15:01:22,729 [17428]: INFO Added matrix rating type of question
2016-09-26 15:01:22,730 [17428]: INFO Verifying survey is created......
2016-09-26 15:01:28,436 [17428]: INFO Survey created with 4 questions
2016-09-26 15:01:28,436 [17428]: INFO Testcase 1 passed
2016-09-26 15:01:38,422 [17428]: INFO Executing Testcase 2.............
2016-09-26 15:02:03,585 [17428]: INFO Survey created
2016-09-26 15:02:12,975 [17428]: INFO Executing Testcase 3.............
2016-09-26 15:02:39,354 [17428]: INFO Survey created
2016-09-26 15:02:39,355 [17428]: INFO Testcase 3 passed
2016-09-26 15:02:49,385 [17428]: INFO Executing Testcase 4.............
2016-09-26 15:03:02,065 [17428]: INFO Signing out..........
2016-09-26 15:03:08,251 [17428]: INFO successfully signout
2016-09-26 15:03:08,251 [17428]: INFO Testcase 4 passed
2016-09-26 15:36:24,611 [18933]: INFO Executing Testcase 1...........
2016-09-26 15:36:24,612 [18933]: INFO Signing in..........
2016-09-26 15:37:27,502 [18933]: INFO Survey created
2016-09-26 15:37:41,620 [18933]: INFO Added text type of question
2016-09-26 15:37:53,602 [18933]: INFO Added comment box type of question
2016-09-26 15:38:30,463 [18933]: INFO Added drop down type of question
2016-09-26 15:39:10,985 [18933]: INFO Added matrix rating type of question
2016-09-26 15:39:10,986 [18933]: INFO Verifying survey is created......
2016-09-26 15:39:16,005 [18933]: INFO Survey created with 4 questions
2016-09-26 15:39:16,005 [18933]: INFO Testcase 1 passed
2016-09-26 15:39:26,014 [18933]: INFO Executing Testcase 2.............
2016-09-26 15:39:51,714 [18933]: INFO Survey created
2016-09-26 15:40:01,154 [18933]: INFO Executing Testcase 3.............
2016-09-26 15:40:24,802 [18933]: INFO Survey created
2016-09-26 15:40:24,802 [18933]: INFO Testcase 3 passed
2016-09-26 15:40:34,643 [18933]: INFO Executing Testcase 4.............
2016-09-26 15:40:47,563 [18933]: INFO Signing out..........
2016-09-26 15:40:53,587 [18933]: INFO successfully signout
2016-09-26 15:40:53,587 [18933]: INFO Testcase 4 passed
2016-09-26 15:53:28,288 [19929]: INFO Executing Testcase 1...........
2016-09-26 15:53:28,288 [19929]: INFO Signing in..........
2016-09-26 15:54:14,482 [19929]: INFO Survey created
2016-09-26 15:54:34,450 [19929]: INFO Added text type of question
2016-09-26 15:54:46,889 [19929]: INFO Added comment box type of question
2016-09-26 15:55:24,180 [19929]: INFO Added drop down type of question
2016-09-26 15:56:07,500 [19929]: INFO Added matrix rating type of question
2016-09-26 15:56:07,501 [19929]: INFO Verifying survey is created......
2016-09-26 15:56:12,561 [19929]: INFO Survey created with 4 questions
2016-09-26 15:56:12,561 [19929]: INFO Testcase 1 passed
2016-09-26 15:56:23,923 [19929]: INFO Executing Testcase 2.............
2016-09-26 15:56:49,102 [19929]: INFO Survey created
2016-09-26 15:56:58,372 [19929]: INFO Executing Testcase 3.............
2016-09-26 15:57:25,247 [19929]: INFO Survey created
2016-09-26 15:57:25,247 [19929]: INFO Testcase 3 passed
2016-09-26 15:57:34,772 [19929]: INFO Executing Testcase 4.............
2016-09-26 15:57:47,205 [19929]: INFO Signing out..........
2016-09-26 15:57:53,471 [19929]: INFO successfully signout
2016-09-26 15:57:53,471 [19929]: INFO Testcase 4 passed
2016-11-08 15:58:26,868 [32185]: INFO Executing Testcase 1...........
2016-11-08 15:58:26,879 [32185]: INFO Signing in..........
2016-11-08 15:59:09,334 [32185]: INFO Survey created
2016-11-08 15:59:22,634 [32185]: INFO Added text type of question
2016-11-08 15:59:33,752 [32185]: INFO Added comment box type of question
2016-11-08 16:00:10,091 [32185]: INFO Added drop down type of question
2016-11-08 16:00:58,665 [32185]: INFO Added matrix rating type of question
2016-11-08 16:00:58,665 [32185]: INFO Verifying survey is created......
2016-11-08 16:01:03,245 [32185]: INFO Survey created with 4 questions
2016-11-08 16:01:03,246 [32185]: INFO Testcase 1 passed
2016-11-08 16:01:13,455 [32185]: INFO Executing Testcase 2.............
2016-11-08 16:01:36,420 [32185]: INFO Survey created
2016-11-08 16:01:47,070 [32185]: INFO Executing Testcase 3.............
2016-11-08 16:02:08,376 [32185]: INFO Survey created
2016-11-08 16:02:08,376 [32185]: INFO Testcase 3 passed
2016-11-08 16:02:27,006 [32185]: INFO Executing Testcase 4.............
2016-11-08 16:02:36,762 [32185]: INFO Signing out..........
2016-11-08 16:02:41,106 [32185]: INFO successfully signout
2016-11-08 16:02:41,106 [32185]: INFO Testcase 4 passed
2016-11-08 17:32:08,013 [3428]: INFO Executing Testcase 1...........
2016-11-08 17:32:08,049 [3428]: INFO Signing in..........
2016-11-08 17:32:53,397 [3428]: INFO Survey created
2016-11-08 17:33:07,377 [3428]: INFO Added text type of question
2016-11-08 17:33:20,351 [3428]: INFO Added comment box type of question
2016-11-08 17:33:54,845 [3428]: INFO Added drop down type of question
2016-11-08 17:34:39,384 [3428]: INFO Added matrix rating type of question
2016-11-08 17:34:39,384 [3428]: INFO Verifying survey is created......
2016-11-08 17:34:44,058 [3428]: INFO Survey created with 4 questions
2016-11-08 17:34:44,058 [3428]: INFO Testcase 1 passed
2016-11-08 17:34:51,998 [3428]: INFO Executing Testcase 2.............
2016-11-08 17:35:14,799 [3428]: INFO Survey created
2016-11-08 17:35:21,965 [3428]: INFO Executing Testcase 3.............
2016-11-08 17:35:43,816 [3428]: INFO Survey created
2016-11-08 17:35:43,816 [3428]: INFO Testcase 3 passed
2016-11-08 17:35:50,305 [3428]: INFO Executing Testcase 4.............
2016-11-08 17:36:00,442 [3428]: INFO Signing out..........
2016-11-08 17:36:06,243 [3428]: INFO successfully signout
2016-11-08 17:36:06,243 [3428]: INFO Testcase 4 passed
2016-11-08 17:59:44,874 [4792]: INFO Executing Testcase 1...........
2016-11-08 17:59:44,888 [4792]: INFO Signing in..........
2016-11-08 18:00:28,355 [4792]: INFO Survey created
2016-11-08 18:00:41,991 [4792]: INFO Added text type of question
2016-11-08 18:00:53,027 [4792]: INFO Added comment box type of question
2016-11-08 18:01:27,977 [4792]: INFO Added drop down type of question
2016-11-08 18:02:17,496 [4792]: INFO Added matrix rating type of question
2016-11-08 18:02:17,496 [4792]: INFO Verifying survey is created......
2016-11-08 18:02:21,416 [4792]: INFO Survey created with 4 questions
2016-11-08 18:02:21,416 [4792]: INFO Testcase 1 passed
2016-11-08 18:02:28,231 [4792]: INFO Executing Testcase 2.............
2016-11-08 18:02:50,031 [4792]: INFO Survey created
2016-11-08 18:02:58,149 [4792]: INFO Executing Testcase 3.............
2016-11-08 18:03:21,034 [4792]: INFO Survey created
2016-11-08 18:03:21,034 [4792]: INFO Testcase 3 passed
2016-11-08 18:03:27,508 [4792]: INFO Executing Testcase 4.............
2016-11-08 18:03:37,516 [4792]: INFO Signing out..........
2016-11-08 18:03:43,217 [4792]: INFO successfully signout
2016-11-08 18:03:43,217 [4792]: INFO Testcase 4 passed
